[2017-07-20 23:07:49.159] [info] [console_user_server] version 0.91.8
[2017-07-20 23:07:49.159] [info] [console_user_server] Check version...
[2017-07-20 23:07:59.501] [info] [console_user_server] version 0.91.8
[2017-07-20 23:07:59.501] [info] [console_user_server] Check version...
[2017-07-20 23:08:00.597] [info] [console_user_server] receiver is initialized
[2017-07-20 23:08:00.597] [info] [console_user_server] Check version...
[2017-07-20 23:08:00.597] [info] [console_user_server] grabber_client_ is connected
[2017-07-20 23:08:00.597] [info] [console_user_server] Load karabiner.json...
[2017-07-20 23:08:00.598] [info] [console_user_server] core_configuration is updated.
[2017-07-20 23:08:00.598] [info] [console_user_server] Check for updates...
[2017-07-20 23:08:00.729] [info] [console_user_server] frontmost_application_observer initialize
[2017-07-20 23:08:01.670] [info] [console_user_server] system_preferences::values is updated.
[2017-11-10 16:43:04.802] [info] [console_user_server] frontmost_application_observer terminate
[2017-11-10 16:48:59.738] [info] [console_user_server] version 0.91.8
[2017-11-10 16:48:59.749] [info] [console_user_server] Check version...
[2017-11-10 16:49:01.092] [info] [console_user_server] receiver is initialized
[2017-11-10 16:49:01.092] [info] [console_user_server] Check version...
[2017-11-10 16:49:01.096] [info] [console_user_server] grabber_client_ is connected
[2017-11-10 16:49:01.096] [info] [console_user_server] Load karabiner.json...
[2017-11-10 16:49:01.331] [info] [console_user_server] core_configuration is updated.
[2017-11-10 16:49:01.331] [info] [console_user_server] Check for updates...
[2017-11-10 16:49:03.129] [info] [console_user_server] frontmost_application_observer initialize
[2017-11-10 16:49:03.136] [info] [console_user_server] system_preferences::values is updated.
[2017-12-01 13:46:23.060] [info] [console_user_server] version 0.91.8
[2017-12-01 13:46:23.061] [info] [console_user_server] Check version...
[2017-12-01 13:46:24.164] [info] [console_user_server] receiver is initialized
[2017-12-01 13:46:24.164] [info] [console_user_server] Check version...
[2017-12-01 13:46:24.165] [info] [console_user_server] grabber_client_ is connected
[2017-12-01 13:46:24.165] [info] [console_user_server] Load karabiner.json...
[2017-12-01 13:46:24.167] [info] [console_user_server] core_configuration is updated.
[2017-12-01 13:46:24.167] [info] [console_user_server] Check for updates...
[2017-12-01 13:46:24.660] [info] [console_user_server] frontmost_application_observer initialize
[2017-12-01 13:46:25.232] [info] [console_user_server] system_preferences::values is updated.
[2017-12-16 00:07:47.150] [info] [console_user_server] version 0.91.8
[2017-12-16 00:07:47.223] [info] [console_user_server] Check version...
[2017-12-16 00:07:48.536] [info] [console_user_server] receiver is initialized
[2017-12-16 00:07:48.536] [info] [console_user_server] Check version...
[2017-12-16 00:07:48.537] [info] [console_user_server] grabber_client_ is connected
[2017-12-16 00:07:48.537] [info] [console_user_server] Load karabiner.json...
[2017-12-16 00:07:48.539] [info] [console_user_server] core_configuration is updated.
[2017-12-16 00:07:48.539] [info] [console_user_server] Check for updates...
[2017-12-16 00:07:49.943] [info] [console_user_server] frontmost_application_observer initialize
[2017-12-16 00:07:49.955] [info] [console_user_server] system_preferences::values is updated.
[2018-02-15 16:52:16.684] [info] [console_user_server] version 0.91.8
[2018-02-15 16:52:16.816] [info] [console_user_server] Check version...
[2018-02-15 16:52:18.278] [info] [console_user_server] receiver is initialized
[2018-02-15 16:52:18.278] [info] [console_user_server] Check version...
[2018-02-15 16:52:18.278] [info] [console_user_server] grabber_client_ is connected
[2018-02-15 16:52:18.279] [info] [console_user_server] Load karabiner.json...
[2018-02-15 16:52:18.421] [info] [console_user_server] core_configuration is updated.
[2018-02-15 16:52:18.421] [info] [console_user_server] Check for updates...
[2018-02-15 16:52:19.541] [info] [console_user_server] frontmost_application_observer initialize
[2018-02-15 16:52:19.558] [info] [console_user_server] system_preferences::values is updated.
[2018-03-20 17:15:12.485] [info] [console_user_server] frontmost_application_observer terminate
[2018-03-20 17:15:12.974] [info] [console_user_server] receiver is terminated
[2018-03-20 17:20:26.115] [info] [console_user_server] version 0.91.8
[2018-03-20 17:20:26.164] [info] [console_user_server] Check version...
[2018-03-20 17:20:27.322] [info] [console_user_server] receiver is initialized
[2018-03-20 17:20:27.322] [info] [console_user_server] Check version...
[2018-03-20 17:20:27.322] [info] [console_user_server] grabber_client_ is connected
[2018-03-20 17:20:27.323] [info] [console_user_server] Load karabiner.json...
[2018-03-20 17:20:27.324] [info] [console_user_server] core_configuration is updated.
[2018-03-20 17:20:27.324] [info] [console_user_server] Check for updates...
[2018-03-20 17:20:27.641] [info] [console_user_server] frontmost_application_observer initialize
[2018-03-20 17:20:28.331] [info] [console_user_server] system_preferences::values is updated.
[2018-03-20 17:20:45.322] [info] [console_user_server] frontmost_application_observer terminate
[2018-03-20 17:20:45.996] [info] [console_user_server] receiver is terminated
[2018-03-20 17:30:12.548] [info] [console_user_server] version 0.91.8
[2018-03-20 17:30:12.554] [info] [console_user_server] Check version...
[2018-03-20 17:30:13.838] [info] [console_user_server] receiver is initialized
[2018-03-20 17:30:13.838] [info] [console_user_server] Check version...
[2018-03-20 17:30:13.839] [info] [console_user_server] grabber_client_ is connected
[2018-03-20 17:30:13.839] [info] [console_user_server] Load karabiner.json...
[2018-03-20 17:30:13.845] [info] [console_user_server] core_configuration is updated.
[2018-03-20 17:30:13.845] [info] [console_user_server] Check for updates...
[2018-03-20 17:30:14.506] [info] [console_user_server] frontmost_application_observer initialize
[2018-03-20 17:30:14.865] [info] [console_user_server] system_preferences::values is updated.
[2018-03-20 20:10:53.419] [info] [console_user_server] frontmost_application_observer terminate
[2018-03-20 20:10:53.869] [info] [console_user_server] receiver is terminated
[2018-03-20 21:48:50.236] [info] [console_user_server] version 0.91.8
[2018-03-20 21:48:50.329] [info] [console_user_server] Check version...
[2018-03-20 21:48:51.431] [info] [console_user_server] receiver is initialized
[2018-03-20 21:48:51.431] [info] [console_user_server] Check version...
[2018-03-20 21:48:51.432] [info] [console_user_server] grabber_client_ is connected
[2018-03-20 21:48:51.432] [info] [console_user_server] Load karabiner.json...
[2018-03-20 21:48:51.434] [info] [console_user_server] core_configuration is updated.
[2018-03-20 21:48:51.434] [info] [console_user_server] Check for updates...
[2018-03-20 21:48:51.685] [info] [console_user_server] frontmost_application_observer initialize
[2018-03-20 21:48:52.442] [info] [console_user_server] system_preferences::values is updated.
